<?xml version="1.0" encoding="UTF-8"?>
<!-- Generated by org.testng.reporters.JUnitReportReporter -->
<testsuite skipped="0" hostname="shruthi-Latitude-3420" name="TestMovieDetails" tests="3" failures="0" timestamp="2022-11-23T16:36:31 IST" time="27.763" errors="0">
  <testcase name="wiki" time="3.931" classname="TestMovieDetails"/>
  <testcase name="imdB" time="23.110" classname="TestMovieDetails"/>
  <testcase name="validate" time="0.722" classname="TestMovieDetails"/>
</testsuite> <!-- TestMovieDetails -->
